2021-08-12 20:25:06.915  INFO 36368 --- [           main] lavalink.server.Launcher                 : 

[32m       .  [31m _                  _ _       _    [32m__ _ _
[32m      /\\ [31m| | __ ___   ____ _| (_)_ __ | | __[32m\ \ \ \
[32m     ( ( )[31m| |/ _` \ \ / / _` | | | '_ \| |/ /[32m \ \ \ \
[32m      \\/ [31m| | (_| |\ V / (_| | | | | | |   < [32m  ) ) ) )
[32m       '  [31m|_|\__,_| \_/ \__,_|_|_|_| |_|_|\_\[32m / / / /
[0m    =========================================[32m/_/_/_/[0m

	Version:        3.3.2.3
	Build:          1236
	Build time:     30.06.2021 16:00:21 UTC
	Branch          YouTubeBrokeStuffAgainPartThree
	Commit:         7f9925c
	Commit time:    17.02.2021 23:18:16 UTC
	JVM:            11.0.10
	Lavaplayer      1.3.78

2021-08-12 20:25:07.028  INFO 36368 --- [           main] lavalink.server.Launcher                 : Starting Launcher on LAPTOP-N1UNBCN7 with PID 36368 (C:\Users\medel\PycharmProjects\ModBot\lavalink\Lavalink.jar started by medel in C:\Users\medel\PycharmProjects\ModBot)
2021-08-12 20:25:07.029  INFO 36368 --- [           main] lavalink.server.Launcher                 : No active profile set, falling back to default profiles: default
2021-08-12 20:25:07.142  WARN 36368 --- [kground-preinit] o.s.h.c.j.Jackson2ObjectMapperBuilder    : For Jackson Kotlin classes support please add "com.fasterxml.jackson.module:jackson-module-kotlin" to the classpath
2021-08-12 20:25:08.313  WARN 36368 --- [           main] io.undertow.websockets.jsr               : UT026010: Buffer pool was not set on WebSocketDeploymentInfo, the default pool will be used
2021-08-12 20:25:08.334  INFO 36368 --- [           main] io.undertow.servlet                      : Initializing Spring embedded WebApplicationContext
2021-08-12 20:25:08.334  INFO 36368 --- [           main] o.s.web.context.ContextLoader            : Root WebApplicationContext: initialization completed in 1266 ms
2021-08-12 20:25:08.705  WARN 36368 --- [           main] l.server.config.SentryConfiguration      : Turning off sentry
2021-08-12 20:25:09.103  INFO 36368 --- [           main] lavalink.server.config.KoeConfiguration  : OS: Windows 10, Arch: amd64
2021-08-12 20:25:09.103  WARN 36368 --- [           main] lavalink.server.config.KoeConfiguration  : This system and architecture appears to not support native audio sending! GC pauses may cause your bot to stutter during playback.
2021-08-12 20:25:09.296  INFO 36368 --- [           main] o.s.s.concurrent.ThreadPoolTaskExecutor  : Initializing ExecutorService 'applicationTaskExecutor'
2021-08-12 20:25:09.568  INFO 36368 --- [           main] org.xnio                                 : XNIO version 3.3.8.Final
2021-08-12 20:25:09.577  INFO 36368 --- [           main] org.xnio.nio                             : XNIO NIO Implementation Version 3.3.8.Final
2021-08-12 20:25:09.618  INFO 36368 --- [           main] o.s.b.w.e.u.UndertowServletWebServer     : Undertow started on port(s) 2333 (http) with context path ''
2021-08-12 20:25:09.621  INFO 36368 --- [           main] lavalink.server.Launcher                 : Started Launcher in 3.256 seconds (JVM running for 3.796)
2021-08-12 20:25:09.623  INFO 36368 --- [           main] lavalink.server.Launcher                 : You can safely ignore the big red warning about illegal reflection. See https://github.com/Frederikam/Lavalink/issues/295
2021-08-12 20:25:12.416  INFO 36368 --- [  XNIO-1 task-1] io.undertow.servlet                      : Initializing Spring DispatcherServlet 'dispatcherServlet'
2021-08-12 20:25:12.416  INFO 36368 --- [  XNIO-1 task-1] o.s.web.servlet.DispatcherServlet        : Initializing Servlet 'dispatcherServlet'
2021-08-12 20:25:12.424  INFO 36368 --- [  XNIO-1 task-1] o.s.web.servlet.DispatcherServlet        : Completed initialization in 8 ms
2021-08-12 20:25:12.448  INFO 36368 --- [  XNIO-1 task-1] l.server.io.HandshakeInterceptorImpl     : Incoming connection from /127.0.0.1:59219
2021-08-12 20:25:12.498  INFO 36368 --- [  XNIO-1 task-1] lavalink.server.io.SocketServer          : Connection successfully established from /127.0.0.1:59219
2021-08-12 20:25:14.162  INFO 36368 --- [       Thread-1] o.s.s.concurrent.ThreadPoolTaskExecutor  : Shutting down ExecutorService 'applicationTaskExecutor'
2021-08-12 20:25:14.165  INFO 36368 --- [       Thread-1] io.undertow.servlet                      : Destroying Spring FrameworkServlet 'dispatcherServlet'
2021-08-12 20:25:14.173 ERROR 36368 --- [   XNIO-1 I/O-7] org.xnio.listener                        : XNIO001007: A channel event listener threw an exception

java.util.concurrent.RejectedExecutionException: XNIO007007: Thread is terminating
	at org.xnio.nio.WorkerThread.execute(WorkerThread.java:590) ~[xnio-nio-3.3.8.Final.jar!/:3.3.8.Final]
	at io.undertow.websockets.jsr.UndertowSession$3.handleEvent(UndertowSession.java:396) ~[undertow-websockets-jsr-2.0.26.Final.jar!/:2.0.26.Final]
	at io.undertow.websockets.jsr.UndertowSession$3.handleEvent(UndertowSession.java:388) ~[undertow-websockets-jsr-2.0.26.Final.jar!/:2.0.26.Final]
	at org.xnio.ChannelListeners.invokeChannelListener(ChannelListeners.java:92) ~[xnio-api-3.3.8.Final.jar!/:3.3.8.Final]
	at io.undertow.server.protocol.framed.AbstractFramedChannel$FrameCloseListener.handleEvent(AbstractFramedChannel.java:1063) ~[undertow-core-2.0.26.Final.jar!/:2.0.26.Final]
	at io.undertow.server.protocol.framed.AbstractFramedChannel$FrameCloseListener.handleEvent(AbstractFramedChannel.java:978) ~[undertow-core-2.0.26.Final.jar!/:2.0.26.Final]
	at org.xnio.ChannelListeners.invokeChannelListener(ChannelListeners.java:92) ~[xnio-api-3.3.8.Final.jar!/:3.3.8.Final]
	at org.xnio.conduits.WriteReadyHandler$ChannelListenerHandler.terminated(WriteReadyHandler.java:70) ~[xnio-api-3.3.8.Final.jar!/:3.3.8.Final]
	at org.xnio.nio.NioSocketConduit.writeTerminated(NioSocketConduit.java:234) ~[xnio-nio-3.3.8.Final.jar!/:3.3.8.Final]
	at org.xnio.nio.NioSocketConduit.terminateWrites(NioSocketConduit.java:223) ~[xnio-nio-3.3.8.Final.jar!/:3.3.8.Final]
	at org.xnio.nio.NioSocketConduit.truncateWrites(NioSocketConduit.java:228) ~[xnio-nio-3.3.8.Final.jar!/:3.3.8.Final]
	at io.undertow.conduits.IdleTimeoutConduit.truncateWrites(IdleTimeoutConduit.java:387) ~[undertow-core-2.0.26.Final.jar!/:2.0.26.Final]
	at org.xnio.conduits.ConduitStreamSinkChannel.close(ConduitStreamSinkChannel.java:186) ~[xnio-api-3.3.8.Final.jar!/:3.3.8.Final]
	at org.xnio.IoUtils.safeClose(IoUtils.java:134) ~[xnio-api-3.3.8.Final.jar!/:3.3.8.Final]
	at org.xnio.conduits.WriteReadyHandler$ChannelListenerHandler.forceTermination(WriteReadyHandler.java:57) ~[xnio-api-3.3.8.Final.jar!/:3.3.8.Final]
	at org.xnio.nio.NioSocketConduit.forceTermination(NioSocketConduit.java:107) ~[xnio-nio-3.3.8.Final.jar!/:3.3.8.Final]
	at org.xnio.nio.WorkerThread.run(WorkerThread.java:494) ~[xnio-nio-3.3.8.Final.jar!/:3.3.8.Final]

